<?xml version="1.0" encoding="UTF-8"?>
<testng-results ignored="0" total="1" passed="1" failed="0" skipped="0">
  <reporter-output>
  </reporter-output>
  <suite started-at="2024-07-19T12:29:07 IST" name="QR Reader" finished-at="2024-07-19T12:29:08 IST" duration-ms="1270">
    <groups>
    </groups>
    <test started-at="2024-07-19T12:29:07 IST" name="Read QR Code " finished-at="2024-07-19T12:29:08 IST" duration-ms="1270">
      <class name="readQR.readQRCode">
        <test-method is-config="true" signature="set_up()[pri:0, instance:readQR.readQRCode@221a3fa4]" started-at="2024-07-19T12:29:05 IST" name="set_up" finished-at="2024-07-19T12:29:07 IST" duration-ms="1751" status="PASS">
          <reporter-output>
          </reporter-output>
        </test-method> <!-- set_up -->
        <test-method signature="read_qr_code()[pri:0, instance:readQR.readQRCode@221a3fa4]" started-at="2024-07-19T12:29:07 IST" name="read_qr_code" finished-at="2024-07-19T12:29:08 IST" duration-ms="1229" status="PASS">
          <reporter-output>
          </reporter-output>
        </test-method> <!-- read_qr_code -->
        <test-method is-config="true" signature="tear_down()[pri:0, instance:readQR.readQRCode@221a3fa4]" started-at="2024-07-19T12:29:08 IST" name="tear_down" finished-at="2024-07-19T12:29:08 IST" duration-ms="149" status="PASS">
          <reporter-output>
          </reporter-output>
        </test-method> <!-- tear_down -->
      </class> <!-- readQR.readQRCode -->
    </test> <!-- Read QR Code  -->
  </suite> <!-- QR Reader -->
</testng-results>
